<?xml version="1.0" encoding="UTF-8"?>
<!-- Generated by org.testng.reporters.JUnitReportReporter -->
<testsuite hostname="HCUS19AI101" failures="0" tests="4" name="org.example.Excel_Profile_Check" time="16.719" errors="0" timestamp="2023-07-03T10:17:10 IST" skipped="0">
  <testcase classname="org.example.Excel_Profile_Check" name="profileCheck" time="4.722"/>
  <system-out/>
  <testcase classname="org.example.Excel_Profile_Check" name="profileCheck" time="3.945"/>
  <system-out/>
  <testcase classname="org.example.Excel_Profile_Check" name="profileCheck" time="4.236"/>
  <system-out/>
  <testcase classname="org.example.Excel_Profile_Check" name="profileCheck" time="3.816"/>
  <system-out/>
</testsuite> <!-- org.example.Excel_Profile_Check -->
